e:\work\warheroes\warheroes\proj.win32\debug.win32\main.obj
e:\work\warheroes\warheroes\proj.win32\debug.win32\appdelegate.obj
e:\work\warheroes\warheroes\proj.win32\debug.win32\helloworldscene.obj
e:\work\warheroes\warheroes\proj.win32\debug.win32\vc120.pdb
e:\work\warheroes\warheroes\proj.win32\debug.win32\vc120.idb
e:\work\warheroes\warheroes\proj.win32\debug.win32\game.res
e:\work\warheroes\warheroes\proj.win32\debug.win32\warheroes.lib
e:\work\warheroes\warheroes\proj.win32\debug.win32\warheroes.exp
e:\work\warheroes\warheroes\proj.win32\debug.win32\warheroes.ilk
e:\work\warheroes\warheroes\proj.win32\debug.win32\warheroes.pdb
e:\work\warheroes\warheroes\proj.win32\debug.win32\warheroes.tlog\cl.command.1.tlog
e:\work\warheroes\warheroes\proj.win32\debug.win32\warheroes.tlog\cl.read.1.tlog
e:\work\warheroes\warheroes\proj.win32\debug.win32\warheroes.tlog\cl.write.1.tlog
e:\work\warheroes\warheroes\proj.win32\debug.win32\warheroes.tlog\link.command.1.tlog
e:\work\warheroes\warheroes\proj.win32\debug.win32\warheroes.tlog\link.read.1.tlog
e:\work\warheroes\warheroes\proj.win32\debug.win32\warheroes.tlog\link.write.1.tlog
e:\work\warheroes\warheroes\proj.win32\debug.win32\warheroes.tlog\rc.command.1.tlog
e:\work\warheroes\warheroes\proj.win32\debug.win32\warheroes.tlog\rc.read.1.tlog
e:\work\warheroes\warheroes\proj.win32\debug.win32\warheroes.tlog\rc.write.1.tlog
e:\work\warheroes\warheroes\proj.win32\debug.win32\warheroes.tlog\warheroes.write.1u.tlog
